[
  {
    "line": 1,
    "elements": [
      {
        "start_timestamp": "2022-09-21T15:34:07.200Z",
        "before": [
          {
            "result": {
              "error_message": "io.cucumber.core.exception.CucumberException: class com.org.stepDef.Common.Hooks doesn\u0027t have an empty constructor. If you need dependency injection, put cucumber-picocontainer on the classpath\r\n\tat io.cucumber.core.runtime.ObjectFactoryServiceLoader$DefaultJavaObjectFactory.cacheNewInstance(ObjectFactoryServiceLoader.java:136)\r\n\tat io.cucumber.core.runtime.ObjectFactoryServiceLoader$DefaultJavaObjectFactory.getInstance(ObjectFactoryServiceLoader.java:124)\r\n\tat io.cucumber.java.AbstractGlueDefinition.invokeMethod(AbstractGlueDefinition.java:47)\r\n\tat io.cucumber.java.JavaHookDefinition.execute(JavaHookDefinition.java:59)\r\n\tat io.cucumber.core.runner.CoreHookDefinition.execute(CoreHookDefinition.java:46)\r\n\tat io.cucumber.core.runner.HookDefinitionMatch.runStep(HookDefinitionMatch.java:21)\r\n\tat io.cucumber.core.runner.ExecutionMode$1.execute(ExecutionMode.java:10)\r\n\tat io.cucumber.core.runner.TestStep.executeStep(TestStep.java:92)\r\n\tat io.cucumber.core.runner.TestStep.run(TestStep.java:64)\r\n\tat io.cucumber.core.runner.TestCase.run(TestCase.java:98)\r\n\tat io.cucumber.core.runner.Runner.runPickle(Runner.java:71)\r\n\tat io.cucumber.core.runtime.Runtime.lambda$execute$5(Runtime.java:110)\r\n\tat io.cucumber.core.runtime.CucumberExecutionContext.runTestCase(CucumberExecutionContext.java:117)\r\n\tat io.cucumber.core.runtime.Runtime.lambda$execute$6(Runtime.java:110)\r\n\tat java.base/java.util.concurrent.Executors$RunnableAdapter.call(Executors.java:515)\r\n\tat java.base/java.util.concurrent.FutureTask.run(FutureTask.java:264)\r\n\tat io.cucumber.core.runtime.Runtime$SameThreadExecutorService.execute(Runtime.java:233)\r\n\tat java.base/java.util.concurrent.AbstractExecutorService.submit(AbstractExecutorService.java:123)\r\n\tat io.cucumber.core.runtime.Runtime.lambda$run$2(Runtime.java:86)\r\n\tat java.base/java.util.stream.ReferencePipeline$3$1.accept(ReferencePipeline.java:197)\r\n\tat java.base/java.util.stream.SliceOps$1$1.accept(SliceOps.java:199)\r\n\tat java.base/java.util.ArrayList$ArrayListSpliterator.tryAdvance(ArrayList.java:1602)\r\n\tat java.base/java.util.stream.ReferencePipeline.forEachWithCancel(ReferencePipeline.java:129)\r\n\tat java.base/java.util.stream.AbstractPipeline.copyIntoWithCancel(AbstractPipeline.java:502)\r\n\tat java.base/java.util.stream.AbstractPipeline.copyInto(AbstractPipeline.java:488)\r\n\tat java.base/java.util.stream.AbstractPipeline.wrapAndCopyInto(AbstractPipeline.java:474)\r\n\tat java.base/java.util.stream.ReduceOps$ReduceOp.evaluateSequential(ReduceOps.java:913)\r\n\tat java.base/java.util.stream.AbstractPipeline.evaluate(AbstractPipeline.java:234)\r\n\tat java.base/java.util.stream.ReferencePipeline.collect(ReferencePipeline.java:682)\r\n\tat io.cucumber.core.runtime.Runtime.run(Runtime.java:87)\r\n\tat io.cucumber.core.cli.Main.run(Main.java:79)\r\n\tat io.cucumber.core.cli.Main.main(Main.java:33)\r\n\tat com.org.TestRunner.TestRunner.main(TestRunner.java:19)\r\nCaused by: java.lang.NoSuchMethodException: com.org.stepDef.Common.Hooks.\u003cinit\u003e()\r\n\tat java.base/java.lang.Class.getConstructor0(Class.java:3517)\r\n\tat java.base/java.lang.Class.getConstructor(Class.java:2238)\r\n\tat io.cucumber.core.runtime.ObjectFactoryServiceLoader$DefaultJavaObjectFactory.cacheNewInstance(ObjectFactoryServiceLoader.java:131)\r\n\t... 32 more\r\n",
              "duration": 3005200,
              "status": "failed"
            },
            "match": {
              "location": "com.org.stepDef.Common.Hooks.tearUp()"
            }
          }
        ],
        "line": 4,
        "name": "Login Functionality",
        "description": "",
        "id": "login;login-functionality",
        "after": [
          {
            "result": {
              "error_message": "io.cucumber.core.exception.CucumberException: class com.org.stepDef.Common.Hooks doesn\u0027t have an empty constructor. If you need dependency injection, put cucumber-picocontainer on the classpath\r\n\tat io.cucumber.core.runtime.ObjectFactoryServiceLoader$DefaultJavaObjectFactory.cacheNewInstance(ObjectFactoryServiceLoader.java:136)\r\n\tat io.cucumber.core.runtime.ObjectFactoryServiceLoader$DefaultJavaObjectFactory.getInstance(ObjectFactoryServiceLoader.java:124)\r\n\tat io.cucumber.java.AbstractGlueDefinition.invokeMethod(AbstractGlueDefinition.java:47)\r\n\tat io.cucumber.java.JavaHookDefinition.execute(JavaHookDefinition.java:59)\r\n\tat io.cucumber.core.runner.CoreHookDefinition.execute(CoreHookDefinition.java:46)\r\n\tat io.cucumber.core.runner.HookDefinitionMatch.runStep(HookDefinitionMatch.java:21)\r\n\tat io.cucumber.core.runner.ExecutionMode$1.execute(ExecutionMode.java:10)\r\n\tat io.cucumber.core.runner.TestStep.executeStep(TestStep.java:92)\r\n\tat io.cucumber.core.runner.TestStep.run(TestStep.java:64)\r\n\tat io.cucumber.core.runner.TestCase.run(TestCase.java:110)\r\n\tat io.cucumber.core.runner.Runner.runPickle(Runner.java:71)\r\n\tat io.cucumber.core.runtime.Runtime.lambda$execute$5(Runtime.java:110)\r\n\tat io.cucumber.core.runtime.CucumberExecutionContext.runTestCase(CucumberExecutionContext.java:117)\r\n\tat io.cucumber.core.runtime.Runtime.lambda$execute$6(Runtime.java:110)\r\n\tat java.base/java.util.concurrent.Executors$RunnableAdapter.call(Executors.java:515)\r\n\tat java.base/java.util.concurrent.FutureTask.run(FutureTask.java:264)\r\n\tat io.cucumber.core.runtime.Runtime$SameThreadExecutorService.execute(Runtime.java:233)\r\n\tat java.base/java.util.concurrent.AbstractExecutorService.submit(AbstractExecutorService.java:123)\r\n\tat io.cucumber.core.runtime.Runtime.lambda$run$2(Runtime.java:86)\r\n\tat java.base/java.util.stream.ReferencePipeline$3$1.accept(ReferencePipeline.java:197)\r\n\tat java.base/java.util.stream.SliceOps$1$1.accept(SliceOps.java:199)\r\n\tat java.base/java.util.ArrayList$ArrayListSpliterator.tryAdvance(ArrayList.java:1602)\r\n\tat java.base/java.util.stream.ReferencePipeline.forEachWithCancel(ReferencePipeline.java:129)\r\n\tat java.base/java.util.stream.AbstractPipeline.copyIntoWithCancel(AbstractPipeline.java:502)\r\n\tat java.base/java.util.stream.AbstractPipeline.copyInto(AbstractPipeline.java:488)\r\n\tat java.base/java.util.stream.AbstractPipeline.wrapAndCopyInto(AbstractPipeline.java:474)\r\n\tat java.base/java.util.stream.ReduceOps$ReduceOp.evaluateSequential(ReduceOps.java:913)\r\n\tat java.base/java.util.stream.AbstractPipeline.evaluate(AbstractPipeline.java:234)\r\n\tat java.base/java.util.stream.ReferencePipeline.collect(ReferencePipeline.java:682)\r\n\tat io.cucumber.core.runtime.Runtime.run(Runtime.java:87)\r\n\tat io.cucumber.core.cli.Main.run(Main.java:79)\r\n\tat io.cucumber.core.cli.Main.main(Main.java:33)\r\n\tat com.org.TestRunner.TestRunner.main(TestRunner.java:19)\r\nCaused by: java.lang.NoSuchMethodException: com.org.stepDef.Common.Hooks.\u003cinit\u003e()\r\n\tat java.base/java.lang.Class.getConstructor0(Class.java:3517)\r\n\tat java.base/java.lang.Class.getConstructor(Class.java:2238)\r\n\tat io.cucumber.core.runtime.ObjectFactoryServiceLoader$DefaultJavaObjectFactory.cacheNewInstance(ObjectFactoryServiceLoader.java:131)\r\n\t... 32 more\r\n",
              "duration": 997300,
              "status": "failed"
            },
            "match": {
              "location": "com.org.stepDef.Common.Hooks.teardDown(io.cucumber.java.Scenario)"
            }
          }
        ],
        "type": "scenario",
        "keyword": "Scenario",
        "steps": [
          {
            "result": {
              "status": "skipped"
            },
            "line": 5,
            "name": "user navigates to the website javatpoint.com",
            "match": {
              "location": "com.org.stepDef.Browse.ProductListSteps.user_navigates_to_the_website_javatpoint_com()"
            },
            "keyword": "Given "
          },
          {
            "result": {
              "duration": 1000700,
              "status": "skipped"
            },
            "line": 6,
            "name": "there user logs in through Login Window by using Username as \"SREEJITH\" and Password as \"PASSWORD\"",
            "match": {
              "arguments": [
                {
                  "val": "\"SREEJITH\"",
                  "offset": 61
                },
                {
                  "val": "\"PASSWORD\"",
                  "offset": 88
                }
              ],
              "location": "com.org.stepDef.Browse.ProductListSteps.there_user_logs_in_through_login_window_by_using_username_as_and_password_as(java.lang.String,java.lang.String)"
            },
            "keyword": "And "
          },
          {
            "result": {
              "status": "skipped"
            },
            "line": 7,
            "name": "login must be successful",
            "match": {
              "location": "com.org.stepDef.Browse.ProductListSteps.login_must_be_successful()"
            },
            "keyword": "Then "
          }
        ],
        "tags": [
          {
            "name": "@TEST-0001"
          }
        ]
      }
    ],
    "name": "Login",
    "description": "",
    "id": "login",
    "keyword": "Feature",
    "uri": "classpath:features/profile/Login.feature",
    "tags": []
  }
]